<?xml version='1.0'?>
<ns2:test-suite xmlns:ns2='urn:model.allure.qatools.yandex.ru' start='1758817681297' stop='1758817681877'>
    <name>TesteSuit</name>
    <title>TesteSuit</title>
    <test-cases>
        <test-case start='1758817681298' status='broken' stop='1758817681569'>
            <name>testing1</name>
            <title>testing1</title>
            <labels/>
            <parameters/>
            <steps/>
            <attachments/>
            <failure>
                <message>standard_user is not defined</message>
                <stack-trace>ReferenceError: standard_user is not defined
                    at Context.eval (webpack://cypress/./cypress/e2e/examples.cy.js:21:31)
                    at runnable.fn (https://www.saucedemo.com/__cypress/runner/cypress_runner.js:141863:19)
                    at callFn (https://www.saucedemo.com/__cypress/runner/cypress_runner.js:160932:21)
                    at Runnable.run (https://www.saucedemo.com/__cypress/runner/cypress_runner.js:160919:7)
                    at &lt;unknown> (https://www.saucedemo.com/__cypress/runner/cypress_runner.js:167014:30)
                    at PassThroughHandlerContext.finallyHandler (https://www.saucedemo.com/__cypress/runner/cypress_runner.js:4042:23)
                    at PassThroughHandlerContext.tryCatcher (https://www.saucedemo.com/__cypress/runner/cypress_runner.js:1777:23)
                    at Promise._settlePromiseFromHandler (https://www.saucedemo.com/__cypress/runner/cypress_runner.js:1489:31)
                    at Promise._settlePromise (https://www.saucedemo.com/__cypress/runner/cypress_runner.js:1546:18)</stack-trace>
            </failure>
        </test-case>
        <test-case start='1758817681626' status='broken' stop='1758817681852'>
            <name>testing2</name>
            <title>testing2</title>
            <labels/>
            <parameters/>
            <steps/>
            <attachments/>
            <failure>
                <message>Cannot read properties of undefined (reading 'username')</message>
                <stack-trace>TypeError: Cannot read properties of undefined (reading 'username')
                    at Context.eval (webpack://cypress/./cypress/e2e/examples.cy.js:34:36)
                    at runnable.fn (https://www.saucedemo.com/__cypress/runner/cypress_runner.js:141863:19)
                    at callFn (https://www.saucedemo.com/__cypress/runner/cypress_runner.js:160932:21)
                    at Runnable.run (https://www.saucedemo.com/__cypress/runner/cypress_runner.js:160919:7)
                    at &lt;unknown> (https://www.saucedemo.com/__cypress/runner/cypress_runner.js:167014:30)
                    at PassThroughHandlerContext.finallyHandler (https://www.saucedemo.com/__cypress/runner/cypress_runner.js:4042:23)
                    at PassThroughHandlerContext.tryCatcher (https://www.saucedemo.com/__cypress/runner/cypress_runner.js:1777:23)
                    at Promise._settlePromiseFromHandler (https://www.saucedemo.com/__cypress/runner/cypress_runner.js:1489:31)
                    at Promise._settlePromise (https://www.saucedemo.com/__cypress/runner/cypress_runner.js:1546:18)</stack-trace>
            </failure>
        </test-case>
    </test-cases>
</ns2:test-suite>